{"level":"info","message":"Hello from Acquisitions!","service":"acquisitions-api","timestamp":"2026-01-16T15:38:20.633Z"}
{"level":"info","message":"::1 - - [16/Jan/2026:15:38:20 +0000] \"GET / HTTP/1.1\" 200 24 \"-\" \"Mozilla/5.0 (Windows NT 10.0; Win64; x64) AppleWebKit/537.36 (KHTML, like Gecko) Chrome/143.0.0.0 Safari/537.36\"","service":"acquisitions-api","timestamp":"2026-01-16T15:38:20.652Z"}
{"level":"info","message":"Hello from Acquisitions!","service":"acquisitions-api","timestamp":"2026-01-16T15:38:22.260Z"}
{"level":"info","message":"::1 - - [16/Jan/2026:15:38:22 +0000] \"GET / HTTP/1.1\" 304 - \"-\" \"Mozilla/5.0 (Windows NT 10.0; Win64; x64) AppleWebKit/537.36 (KHTML, like Gecko) Chrome/143.0.0.0 Safari/537.36\"","service":"acquisitions-api","timestamp":"2026-01-16T15:38:22.262Z"}
{"level":"info","message":"Hello from Acquisitions!","service":"acquisitions-api","timestamp":"2026-01-16T15:49:54.585Z"}
{"level":"info","message":"::1 - - [16/Jan/2026:15:49:54 +0000] \"GET / HTTP/1.1\" 304 - \"-\" \"Mozilla/5.0 (Windows NT 10.0; Win64; x64) AppleWebKit/537.36 (KHTML, like Gecko) Chrome/143.0.0.0 Safari/537.36\"","service":"acquisitions-api","timestamp":"2026-01-16T15:49:54.603Z"}
{"level":"info","message":"::1 - - [16/Jan/2026:15:50:00 +0000] \"GET /health HTTP/1.1\" 200 73 \"-\" \"Mozilla/5.0 (Windows NT 10.0; Win64; x64) AppleWebKit/537.36 (KHTML, like Gecko) Chrome/143.0.0.0 Safari/537.36\"","service":"acquisitions-api","timestamp":"2026-01-16T15:50:00.155Z"}
{"level":"info","message":"Hello from Acquisitions!","service":"acquisitions-api","timestamp":"2026-01-16T15:57:19.006Z"}
{"level":"info","message":"::1 - - [16/Jan/2026:15:57:19 +0000] \"GET / HTTP/1.1\" 200 24 \"-\" \"PostmanRuntime/7.49.1\"","service":"acquisitions-api","timestamp":"2026-01-16T15:57:19.105Z"}
{"level":"info","message":"::1 - - [16/Jan/2026:15:57:33 +0000] \"GET /api HTTP/1.1\" 200 27 \"-\" \"PostmanRuntime/7.49.1\"","service":"acquisitions-api","timestamp":"2026-01-16T15:57:33.929Z"}
{"level":"info","message":"::1 - - [16/Jan/2026:15:58:43 +0000] \"GET /api HTTP/1.1\" 200 41 \"-\" \"PostmanRuntime/7.49.1\"","service":"acquisitions-api","timestamp":"2026-01-16T15:58:43.075Z"}
{"level":"info","message":"::1 - - [16/Jan/2026:15:59:19 +0000] \"GET /health HTTP/1.1\" 200 74 \"-\" \"PostmanRuntime/7.49.1\"","service":"acquisitions-api","timestamp":"2026-01-16T15:59:19.623Z"}
{"level":"info","message":"::1 - - [16/Jan/2026:15:59:34 +0000] \"POST /sign-in HTTP/1.1\" 404 147 \"-\" \"PostmanRuntime/7.49.1\"","service":"acquisitions-api","timestamp":"2026-01-16T15:59:34.644Z"}
{"level":"info","message":"::1 - - [16/Jan/2026:15:59:45 +0000] \"POST /api/auth/sign-in HTTP/1.1\" 200 31 \"-\" \"PostmanRuntime/7.49.1\"","service":"acquisitions-api","timestamp":"2026-01-16T15:59:45.827Z"}
{"level":"info","message":"::1 - - [17/Jan/2026:05:02:50 +0000] \"POST /health HTTP/1.1\" 404 146 \"-\" \"PostmanRuntime/7.49.1\"","service":"acquisitions-api","timestamp":"2026-01-17T05:02:50.514Z"}
{"level":"info","message":"::1 - - [17/Jan/2026:05:02:56 +0000] \"GET /health HTTP/1.1\" 200 77 \"-\" \"PostmanRuntime/7.49.1\"","service":"acquisitions-api","timestamp":"2026-01-17T05:02:56.691Z"}
{"level":"info","message":"::1 - - [17/Jan/2026:05:20:09 +0000] \"GET /api/auth/sign-up HTTP/1.1\" 404 155 \"-\" \"PostmanRuntime/7.49.1\"","service":"acquisitions-api","timestamp":"2026-01-17T05:20:09.158Z"}
{"level":"info","message":"::1 - - [17/Jan/2026:05:20:16 +0000] \"POST /api/auth/sign-up HTTP/1.1\" 200 31 \"-\" \"PostmanRuntime/7.49.1\"","service":"acquisitions-api","timestamp":"2026-01-17T05:20:16.610Z"}
{"level":"info","message":"Hello from Acquisitions!","service":"acquisitions-api","timestamp":"2026-01-17T05:23:12.513Z"}
{"level":"info","message":"::1 - - [17/Jan/2026:05:23:12 +0000] \"GET / HTTP/1.1\" 304 - \"-\" \"Mozilla/5.0 (Windows NT 10.0; Win64; x64) AppleWebKit/537.36 (KHTML, like Gecko) Chrome/143.0.0.0 Safari/537.36\"","service":"acquisitions-api","timestamp":"2026-01-17T05:23:12.574Z"}
{"level":"info","message":"::1 - - [17/Jan/2026:05:23:26 +0000] \"POST /api/auth/sign-up HTTP/1.1\" 400 92 \"-\" \"PostmanRuntime/7.49.1\"","service":"acquisitions-api","timestamp":"2026-01-17T05:23:26.009Z"}
{"level":"info","message":"::1 - - [17/Jan/2026:05:24:31 +0000] \"POST /api/auth/sign-up?name=rohit@gmail.com HTTP/1.1\" 400 92 \"-\" \"PostmanRuntime/7.49.1\"","service":"acquisitions-api","timestamp":"2026-01-17T05:24:31.681Z"}
{"level":"info","message":"::1 - - [17/Jan/2026:05:26:03 +0000] \"POST /api/auth/sign-up HTTP/1.1\" 400 92 \"-\" \"PostmanRuntime/7.49.1\"","service":"acquisitions-api","timestamp":"2026-01-17T05:26:03.227Z"}
{"level":"info","message":"::1 - - [17/Jan/2026:05:26:35 +0000] \"POST /api/auth/sign-up HTTP/1.1\" 400 92 \"-\" \"PostmanRuntime/7.49.1\"","service":"acquisitions-api","timestamp":"2026-01-17T05:26:35.432Z"}
{"level":"info","message":"User registered successfully: rohit@gmail.com","service":"acquisitions-api","timestamp":"2026-01-17T05:27:48.682Z"}
{"level":"info","message":"::1 - - [17/Jan/2026:05:27:48 +0000] \"POST /api/auth/sign-up HTTP/1.1\" 201 100 \"-\" \"PostmanRuntime/7.49.1\"","service":"acquisitions-api","timestamp":"2026-01-17T05:27:48.688Z"}
{"level":"info","message":"User registered successfully: rohit@gmail.com","service":"acquisitions-api","timestamp":"2026-01-17T05:28:34.490Z"}
{"level":"info","message":"::1 - - [17/Jan/2026:05:28:34 +0000] \"POST /api/auth/sign-up HTTP/1.1\" 201 100 \"-\" \"PostmanRuntime/7.49.1\"","service":"acquisitions-api","timestamp":"2026-01-17T05:28:34.543Z"}
{"level":"info","message":"User registered successfully: rohit@gmail.com","service":"acquisitions-api","timestamp":"2026-01-17T05:28:45.678Z"}
{"level":"info","message":"::1 - - [17/Jan/2026:05:28:45 +0000] \"POST /api/auth/sign-up HTTP/1.1\" 201 100 \"-\" \"PostmanRuntime/7.49.1\"","service":"acquisitions-api","timestamp":"2026-01-17T05:28:45.717Z"}
{"cause":{"code":"42703","file":"parse_target.c","line":"1065","name":"NeonDbError","position":"65","routine":"checkInsertTargets","severity":"ERROR"},"level":"error","message":"Error Creating User:  Failed query: insert into \"users\" (\"id\", \"name\", \"email\", \"password\", \"role\", \"created_at\", \"updated_at\") values (default, $1, $2, $3, $4, default, default) returning \"id\", \"name\", \"email\", \"role\", \"created_at\"\nparams: Rohit,rohit@gmail.com,$2b$10$gPLJHduPgwqKkLeXMddyn.NVUkDiXt2aN2alGaXsRc3ADNg5y7p4a,user","params":["Rohit","rohit@gmail.com","$2b$10$gPLJHduPgwqKkLeXMddyn.NVUkDiXt2aN2alGaXsRc3ADNg5y7p4a","user"],"query":"insert into \"users\" (\"id\", \"name\", \"email\", \"password\", \"role\", \"created_at\", \"updated_at\") values (default, $1, $2, $3, $4, default, default) returning \"id\", \"name\", \"email\", \"role\", \"created_at\"","service":"acquisitions-api","stack":"Error: Failed query: insert into \"users\" (\"id\", \"name\", \"email\", \"password\", \"role\", \"created_at\", \"updated_at\") values (default, $1, $2, $3, $4, default, default) returning \"id\", \"name\", \"email\", \"role\", \"created_at\"\nparams: Rohit,rohit@gmail.com,$2b$10$gPLJHduPgwqKkLeXMddyn.NVUkDiXt2aN2alGaXsRc3ADNg5y7p4a,user\n    at NeonHttpPreparedQuery.queryWithCache (file:///D:/MyProjects/acquisitions/node_modules/drizzle-orm/pg-core/session.js:41:15)\n    at process.processTicksAndRejections (node:internal/process/task_queues:105:5)\n    at async NeonHttpPreparedQuery.execute (file:///D:/MyProjects/acquisitions/node_modules/drizzle-orm/neon-http/session.js:45:20)\n    at async createUser (file:///D:/MyProjects/acquisitions/src/services/auth.service.js:30:23)\n    at async signup (file:///D:/MyProjects/acquisitions/src/controllers/auth.controller.js:21:18)","timestamp":"2026-01-17T07:22:59.588Z"}
{"cause":{"code":"42703","file":"parse_target.c","line":"1065","name":"NeonDbError","position":"65","routine":"checkInsertTargets","severity":"ERROR"},"level":"error","message":"Error in signup controller: Failed query: insert into \"users\" (\"id\", \"name\", \"email\", \"password\", \"role\", \"created_at\", \"updated_at\") values (default, $1, $2, $3, $4, default, default) returning \"id\", \"name\", \"email\", \"role\", \"created_at\"\nparams: Rohit,rohit@gmail.com,$2b$10$gPLJHduPgwqKkLeXMddyn.NVUkDiXt2aN2alGaXsRc3ADNg5y7p4a,user","params":["Rohit","rohit@gmail.com","$2b$10$gPLJHduPgwqKkLeXMddyn.NVUkDiXt2aN2alGaXsRc3ADNg5y7p4a","user"],"query":"insert into \"users\" (\"id\", \"name\", \"email\", \"password\", \"role\", \"created_at\", \"updated_at\") values (default, $1, $2, $3, $4, default, default) returning \"id\", \"name\", \"email\", \"role\", \"created_at\"","service":"acquisitions-api","stack":"Error: Failed query: insert into \"users\" (\"id\", \"name\", \"email\", \"password\", \"role\", \"created_at\", \"updated_at\") values (default, $1, $2, $3, $4, default, default) returning \"id\", \"name\", \"email\", \"role\", \"created_at\"\nparams: Rohit,rohit@gmail.com,$2b$10$gPLJHduPgwqKkLeXMddyn.NVUkDiXt2aN2alGaXsRc3ADNg5y7p4a,user\n    at NeonHttpPreparedQuery.queryWithCache (file:///D:/MyProjects/acquisitions/node_modules/drizzle-orm/pg-core/session.js:41:15)\n    at process.processTicksAndRejections (node:internal/process/task_queues:105:5)\n    at async NeonHttpPreparedQuery.execute (file:///D:/MyProjects/acquisitions/node_modules/drizzle-orm/neon-http/session.js:45:20)\n    at async createUser (file:///D:/MyProjects/acquisitions/src/services/auth.service.js:30:23)\n    at async signup (file:///D:/MyProjects/acquisitions/src/controllers/auth.controller.js:21:18)","timestamp":"2026-01-17T07:22:59.598Z"}
{"level":"info","message":"::1 - - [17/Jan/2026:07:22:59 +0000] \"POST /api/auth/sign-up HTTP/1.1\" 500 1178 \"-\" \"PostmanRuntime/7.49.1\"","service":"acquisitions-api","timestamp":"2026-01-17T07:22:59.608Z"}
{"cause":{"code":"42703","file":"parse_target.c","line":"1065","name":"NeonDbError","position":"65","routine":"checkInsertTargets","severity":"ERROR"},"level":"error","message":"Error Creating User:  Failed query: insert into \"users\" (\"id\", \"name\", \"email\", \"password\", \"role\", \"created_at\", \"updated_at\") values (default, $1, $2, $3, $4, default, default) returning \"id\", \"name\", \"email\", \"role\", \"created_at\"\nparams: Rohit,rohit@gmail.com,$2b$10$Qjn.9hHH9l8jfrpfz5emReNTcKl4g/2j6sU3tlZ1PYxo5adk5H0K2,admin","params":["Rohit","rohit@gmail.com","$2b$10$Qjn.9hHH9l8jfrpfz5emReNTcKl4g/2j6sU3tlZ1PYxo5adk5H0K2","admin"],"query":"insert into \"users\" (\"id\", \"name\", \"email\", \"password\", \"role\", \"created_at\", \"updated_at\") values (default, $1, $2, $3, $4, default, default) returning \"id\", \"name\", \"email\", \"role\", \"created_at\"","service":"acquisitions-api","stack":"Error: Failed query: insert into \"users\" (\"id\", \"name\", \"email\", \"password\", \"role\", \"created_at\", \"updated_at\") values (default, $1, $2, $3, $4, default, default) returning \"id\", \"name\", \"email\", \"role\", \"created_at\"\nparams: Rohit,rohit@gmail.com,$2b$10$Qjn.9hHH9l8jfrpfz5emReNTcKl4g/2j6sU3tlZ1PYxo5adk5H0K2,admin\n    at NeonHttpPreparedQuery.queryWithCache (file:///D:/MyProjects/acquisitions/node_modules/drizzle-orm/pg-core/session.js:41:15)\n    at process.processTicksAndRejections (node:internal/process/task_queues:105:5)\n    at async NeonHttpPreparedQuery.execute (file:///D:/MyProjects/acquisitions/node_modules/drizzle-orm/neon-http/session.js:45:20)\n    at async createUser (file:///D:/MyProjects/acquisitions/src/services/auth.service.js:30:23)\n    at async signup (file:///D:/MyProjects/acquisitions/src/controllers/auth.controller.js:21:18)","timestamp":"2026-01-17T07:30:50.800Z"}
{"cause":{"code":"42703","file":"parse_target.c","line":"1065","name":"NeonDbError","position":"65","routine":"checkInsertTargets","severity":"ERROR"},"level":"error","message":"Error in signup controller: Failed query: insert into \"users\" (\"id\", \"name\", \"email\", \"password\", \"role\", \"created_at\", \"updated_at\") values (default, $1, $2, $3, $4, default, default) returning \"id\", \"name\", \"email\", \"role\", \"created_at\"\nparams: Rohit,rohit@gmail.com,$2b$10$Qjn.9hHH9l8jfrpfz5emReNTcKl4g/2j6sU3tlZ1PYxo5adk5H0K2,admin","params":["Rohit","rohit@gmail.com","$2b$10$Qjn.9hHH9l8jfrpfz5emReNTcKl4g/2j6sU3tlZ1PYxo5adk5H0K2","admin"],"query":"insert into \"users\" (\"id\", \"name\", \"email\", \"password\", \"role\", \"created_at\", \"updated_at\") values (default, $1, $2, $3, $4, default, default) returning \"id\", \"name\", \"email\", \"role\", \"created_at\"","service":"acquisitions-api","stack":"Error: Failed query: insert into \"users\" (\"id\", \"name\", \"email\", \"password\", \"role\", \"created_at\", \"updated_at\") values (default, $1, $2, $3, $4, default, default) returning \"id\", \"name\", \"email\", \"role\", \"created_at\"\nparams: Rohit,rohit@gmail.com,$2b$10$Qjn.9hHH9l8jfrpfz5emReNTcKl4g/2j6sU3tlZ1PYxo5adk5H0K2,admin\n    at NeonHttpPreparedQuery.queryWithCache (file:///D:/MyProjects/acquisitions/node_modules/drizzle-orm/pg-core/session.js:41:15)\n    at process.processTicksAndRejections (node:internal/process/task_queues:105:5)\n    at async NeonHttpPreparedQuery.execute (file:///D:/MyProjects/acquisitions/node_modules/drizzle-orm/neon-http/session.js:45:20)\n    at async createUser (file:///D:/MyProjects/acquisitions/src/services/auth.service.js:30:23)\n    at async signup (file:///D:/MyProjects/acquisitions/src/controllers/auth.controller.js:21:18)","timestamp":"2026-01-17T07:30:50.821Z"}
{"level":"info","message":"::1 - - [17/Jan/2026:07:30:50 +0000] \"POST /api/auth/sign-up HTTP/1.1\" 500 1179 \"-\" \"PostmanRuntime/7.49.1\"","service":"acquisitions-api","timestamp":"2026-01-17T07:30:50.831Z"}
{"level":"info","message":"User rohit@gmail.com created successfully.","service":"acquisitions-api","timestamp":"2026-01-17T07:33:22.069Z"}
{"level":"info","message":"User registered successfully: rohit@gmail.com","service":"acquisitions-api","timestamp":"2026-01-17T07:33:22.080Z"}
{"level":"info","message":"::1 - - [17/Jan/2026:07:33:22 +0000] \"POST /api/auth/sign-up HTTP/1.1\" 201 101 \"-\" \"PostmanRuntime/7.49.1\"","service":"acquisitions-api","timestamp":"2026-01-17T07:33:22.088Z"}
{"level":"info","message":"User rohitks@gmail.com created successfully.","service":"acquisitions-api","timestamp":"2026-01-17T07:33:50.116Z"}
{"level":"info","message":"User registered successfully: rohitks@gmail.com","service":"acquisitions-api","timestamp":"2026-01-17T07:33:50.126Z"}
{"level":"info","message":"::1 - - [17/Jan/2026:07:33:50 +0000] \"POST /api/auth/sign-up HTTP/1.1\" 201 106 \"-\" \"PostmanRuntime/7.49.1\"","service":"acquisitions-api","timestamp":"2026-01-17T07:33:50.135Z"}
{"level":"info","message":"::1 - - [17/Jan/2026:07:55:48 +0000] \"POST /api/auth/sign-up HTTP/1.1\" 400 92 \"-\" \"PostmanRuntime/7.49.1\"","service":"acquisitions-api","timestamp":"2026-01-17T07:55:48.512Z"}
{"level":"info","message":"User rohitks@gmail.com authenticated successfully.","service":"acquisitions-api","timestamp":"2026-01-17T07:56:40.385Z"}
{"level":"info","message":"User signed in successfully: rohitks@gmail.com","service":"acquisitions-api","timestamp":"2026-01-17T07:56:40.407Z"}
{"level":"info","message":"::1 - - [17/Jan/2026:07:56:40 +0000] \"POST /api/auth/sign-in HTTP/1.1\" 200 109 \"-\" \"PostmanRuntime/7.49.1\"","service":"acquisitions-api","timestamp":"2026-01-17T07:56:40.411Z"}
{"level":"info","message":"User signed out successfully","service":"acquisitions-api","timestamp":"2026-01-17T07:57:16.062Z"}
{"level":"info","message":"::1 - - [17/Jan/2026:07:57:16 +0000] \"POST /api/auth/sign-out HTTP/1.1\" 200 33 \"-\" \"PostmanRuntime/7.49.1\"","service":"acquisitions-api","timestamp":"2026-01-17T07:57:16.082Z"}
{"level":"info","message":"::1 - - [17/Jan/2026:13:21:11 +0000] \"POST /health HTTP/1.1\" 500 91 \"-\" \"PostmanRuntime/7.51.0\"","service":"acquisitions-api","timestamp":"2026-01-17T13:21:11.898Z"}
{"level":"info","message":"::1 - - [17/Jan/2026:13:22:57 +0000] \"POST /health HTTP/1.1\" 500 91 \"-\" \"PostmanRuntime/7.51.0\"","service":"acquisitions-api","timestamp":"2026-01-17T13:22:57.877Z"}
{"level":"info","message":"::1 - - [17/Jan/2026:13:23:13 +0000] \"GET /health HTTP/1.1\" 500 91 \"-\" \"PostmanRuntime/7.51.0\"","service":"acquisitions-api","timestamp":"2026-01-17T13:23:13.105Z"}
{"level":"info","message":"::1 - - [17/Jan/2026:13:23:15 +0000] \"GET /health HTTP/1.1\" 500 91 \"-\" \"PostmanRuntime/7.51.0\"","service":"acquisitions-api","timestamp":"2026-01-17T13:23:15.816Z"}
{"level":"info","message":"::1 - - [17/Jan/2026:13:23:27 +0000] \"GET /health HTTP/1.1\" 500 91 \"-\" \"PostmanRuntime/7.51.0\"","service":"acquisitions-api","timestamp":"2026-01-17T13:23:27.460Z"}
{"level":"info","message":"::1 - - [17/Jan/2026:13:25:27 +0000] \"GET /health HTTP/1.1\" 500 91 \"-\" \"PostmanRuntime/7.51.0\"","service":"acquisitions-api","timestamp":"2026-01-17T13:25:27.234Z"}
{"level":"info","message":"::1 - - [17/Jan/2026:13:25:30 +0000] \"GET /health HTTP/1.1\" 500 91 \"-\" \"PostmanRuntime/7.51.0\"","service":"acquisitions-api","timestamp":"2026-01-17T13:25:30.127Z"}
{"level":"info","message":"::1 - - [17/Jan/2026:13:29:09 +0000] \"POST /api/auth/sign-in HTTP/1.1\" 500 91 \"-\" \"PostmanRuntime/7.51.0\"","service":"acquisitions-api","timestamp":"2026-01-17T13:29:09.829Z"}
{"level":"info","message":"::1 - - [17/Jan/2026:13:29:17 +0000] \"POST /api/auth/sign-in HTTP/1.1\" 500 91 \"-\" \"PostmanRuntime/7.51.0\"","service":"acquisitions-api","timestamp":"2026-01-17T13:29:17.312Z"}
{"level":"info","message":"::1 - - [17/Jan/2026:13:29:19 +0000] \"POST /api/auth/sign-out HTTP/1.1\" 500 91 \"-\" \"PostmanRuntime/7.51.0\"","service":"acquisitions-api","timestamp":"2026-01-17T13:29:19.706Z"}
{"level":"info","message":"::1 - - [17/Jan/2026:13:29:22 +0000] \"POST /api/auth/sign-in HTTP/1.1\" 500 91 \"-\" \"PostmanRuntime/7.51.0\"","service":"acquisitions-api","timestamp":"2026-01-17T13:29:22.555Z"}
{"ip":"::1","level":"warn","message":"Bot request blocked","path":"/health","service":"acquisitions-api","timestamp":"2026-01-17T13:35:12.240Z","userAgent":"PostmanRuntime/7.51.0"}
{"level":"info","message":"::1 - - [17/Jan/2026:13:35:12 +0000] \"GET /health HTTP/1.1\" 403 70 \"-\" \"PostmanRuntime/7.51.0\"","service":"acquisitions-api","timestamp":"2026-01-17T13:35:12.249Z"}
{"ip":"::1","level":"warn","message":"Bot request blocked","path":"/health","service":"acquisitions-api","timestamp":"2026-01-17T13:35:15.670Z","userAgent":"PostmanRuntime/7.51.0"}
{"level":"info","message":"::1 - - [17/Jan/2026:13:35:15 +0000] \"GET /health HTTP/1.1\" 403 70 \"-\" \"PostmanRuntime/7.51.0\"","service":"acquisitions-api","timestamp":"2026-01-17T13:35:15.671Z"}
{"ip":"::1","level":"warn","message":"Bot request blocked","path":"/api/auth/sign-in","service":"acquisitions-api","timestamp":"2026-01-17T13:35:22.886Z","userAgent":"PostmanRuntime/7.51.0"}
{"level":"info","message":"::1 - - [17/Jan/2026:13:35:22 +0000] \"POST /api/auth/sign-in HTTP/1.1\" 403 70 \"-\" \"PostmanRuntime/7.51.0\"","service":"acquisitions-api","timestamp":"2026-01-17T13:35:22.887Z"}
{"level":"info","message":"User rohitks@gmail.com authenticated successfully.","service":"acquisitions-api","timestamp":"2026-01-17T13:36:37.488Z"}
{"level":"info","message":"User signed in successfully: rohitks@gmail.com","service":"acquisitions-api","timestamp":"2026-01-17T13:36:37.498Z"}
{"level":"info","message":"::1 - - [17/Jan/2026:13:36:37 +0000] \"POST /api/auth/sign-in HTTP/1.1\" 200 109 \"-\" \"PostmanRuntime/7.51.0\"","service":"acquisitions-api","timestamp":"2026-01-17T13:36:37.503Z"}
{"level":"info","message":"::1 - - [17/Jan/2026:13:36:41 +0000] \"GET /health HTTP/1.1\" 200 73 \"-\" \"PostmanRuntime/7.51.0\"","service":"acquisitions-api","timestamp":"2026-01-17T13:36:41.030Z"}
{"level":"info","message":"::1 - - [17/Jan/2026:13:36:43 +0000] \"GET /health HTTP/1.1\" 200 74 \"-\" \"PostmanRuntime/7.51.0\"","service":"acquisitions-api","timestamp":"2026-01-17T13:36:43.387Z"}
{"level":"info","message":"::1 - - [17/Jan/2026:13:36:47 +0000] \"GET /health HTTP/1.1\" 200 74 \"-\" \"PostmanRuntime/7.51.0\"","service":"acquisitions-api","timestamp":"2026-01-17T13:36:47.717Z"}
{"level":"info","message":"::1 - - [17/Jan/2026:13:36:48 +0000] \"GET /health HTTP/1.1\" 200 74 \"-\" \"PostmanRuntime/7.51.0\"","service":"acquisitions-api","timestamp":"2026-01-17T13:36:48.876Z"}
{"ip":"::1","level":"warn","message":"Rate limit exceeded","path":"/health","service":"acquisitions-api","timestamp":"2026-01-17T13:36:49.660Z","userAgent":"PostmanRuntime/7.51.0"}
{"level":"info","message":"::1 - - [17/Jan/2026:13:36:49 +0000] \"GET /health HTTP/1.1\" 403 75 \"-\" \"PostmanRuntime/7.51.0\"","service":"acquisitions-api","timestamp":"2026-01-17T13:36:49.662Z"}
{"ip":"::1","level":"warn","message":"Rate limit exceeded","path":"/health","service":"acquisitions-api","timestamp":"2026-01-17T13:36:50.266Z","userAgent":"PostmanRuntime/7.51.0"}
{"level":"info","message":"::1 - - [17/Jan/2026:13:36:50 +0000] \"GET /health HTTP/1.1\" 403 75 \"-\" \"PostmanRuntime/7.51.0\"","service":"acquisitions-api","timestamp":"2026-01-17T13:36:50.268Z"}
{"ip":"::1","level":"warn","message":"Rate limit exceeded","path":"/health","service":"acquisitions-api","timestamp":"2026-01-17T13:36:51.027Z","userAgent":"PostmanRuntime/7.51.0"}
{"level":"info","message":"::1 - - [17/Jan/2026:13:36:51 +0000] \"GET /health HTTP/1.1\" 403 75 \"-\" \"PostmanRuntime/7.51.0\"","service":"acquisitions-api","timestamp":"2026-01-17T13:36:51.029Z"}
{"ip":"::1","level":"warn","message":"Rate limit exceeded","path":"/health","service":"acquisitions-api","timestamp":"2026-01-17T13:36:51.631Z","userAgent":"PostmanRuntime/7.51.0"}
{"level":"info","message":"::1 - - [17/Jan/2026:13:36:51 +0000] \"GET /health HTTP/1.1\" 403 75 \"-\" \"PostmanRuntime/7.51.0\"","service":"acquisitions-api","timestamp":"2026-01-17T13:36:51.633Z"}
{"level":"info","message":"Hello from Acquisitions!","service":"acquisitions-api","timestamp":"2026-01-18T05:47:13.053Z"}
{"level":"info","message":"::1 - - [18/Jan/2026:05:47:13 +0000] \"GET / HTTP/1.1\" 304 - \"-\" \"Mozilla/5.0 (Windows NT 10.0; Win64; x64) AppleWebKit/537.36 (KHTML, like Gecko) Chrome/143.0.0.0 Safari/537.36\"","service":"acquisitions-api","timestamp":"2026-01-18T05:47:13.108Z"}
{"level":"info","message":"::1 - - [18/Jan/2026:05:47:13 +0000] \"GET /favicon.ico HTTP/1.1\" 404 150 \"-\" \"Mozilla/5.0 (Windows NT 10.0; Win64; x64) AppleWebKit/537.36 (KHTML, like Gecko) Chrome/143.0.0.0 Safari/537.36\"","service":"acquisitions-api","timestamp":"2026-01-18T05:47:13.495Z"}
{"level":"info","message":"::1 - - [18/Jan/2026:05:47:25 +0000] \"GET /api/auth/sign-up HTTP/1.1\" 404 155 \"-\" \"Mozilla/5.0 (Windows NT 10.0; Win64; x64) AppleWebKit/537.36 (KHTML, like Gecko) Chrome/143.0.0.0 Safari/537.36\"","service":"acquisitions-api","timestamp":"2026-01-18T05:47:25.217Z"}
{"level":"info","message":"::1 - - [18/Jan/2026:05:47:31 +0000] \"GET /health HTTP/1.1\" 200 75 \"-\" \"Mozilla/5.0 (Windows NT 10.0; Win64; x64) AppleWebKit/537.36 (KHTML, like Gecko) Chrome/143.0.0.0 Safari/537.36\"","service":"acquisitions-api","timestamp":"2026-01-18T05:47:31.703Z"}
{"level":"info","message":"::ffff:127.0.0.1 - - [19/Jan/2026:04:50:18 +0000] \"GET /health HTTP/1.1\" 200 73 \"-\" \"-\"","service":"acquisitions-api","timestamp":"2026-01-19T04:50:18.344Z"}
{"level":"info","message":"::ffff:127.0.0.1 - - [19/Jan/2026:04:50:18 +0000] \"GET /api HTTP/1.1\" 200 42 \"-\" \"-\"","service":"acquisitions-api","timestamp":"2026-01-19T04:50:18.386Z"}
{"level":"info","message":"::ffff:127.0.0.1 - - [19/Jan/2026:04:50:18 +0000] \"GET /nonexistent HTTP/1.1\" 404 27 \"-\" \"-\"","service":"acquisitions-api","timestamp":"2026-01-19T04:50:18.416Z"}
{"level":"info","message":"::ffff:127.0.0.1 - - [19/Jan/2026:04:53:43 +0000] \"GET /health HTTP/1.1\" 200 73 \"-\" \"-\"","service":"acquisitions-api","timestamp":"2026-01-19T04:53:43.110Z"}
{"level":"info","message":"::ffff:127.0.0.1 - - [19/Jan/2026:04:53:43 +0000] \"GET /api HTTP/1.1\" 200 42 \"-\" \"-\"","service":"acquisitions-api","timestamp":"2026-01-19T04:53:43.268Z"}
{"level":"info","message":"::ffff:127.0.0.1 - - [19/Jan/2026:04:53:43 +0000] \"GET /nonexistent HTTP/1.1\" 404 27 \"-\" \"-\"","service":"acquisitions-api","timestamp":"2026-01-19T04:53:43.353Z"}
